#
BLOCK DCINFO  # Decay Program information
     1   2HDECAY     # decay calculator
     2   1.0.0       # version number
#
BLOCK SMINPUTS  # Standard Model inputs
         2     1.19708620E-05   # G_F [GeV^-2]
         3     1.18000000E-01   # alpha_S(M_Z)^MSbar
         4     9.11534800E+01   # M_Z pole mass
         5     4.17999999E+00   # mb(mb)^MSbar
         6     1.73200000E+02   # mt pole mass
         7     1.77682000E+00   # mtau pole mass
         8     4.84131340E+00   # mb pole mass
         9     1.43131340E+00   # mc pole mass
        10     1.05658372E-01   # muon mass
        11     8.03579700E+01   # M_W mass
        12     2.08500000E+00   # W boson total width
        13     2.49520000E+00   # Z boson total width
#
BLOCK 2HDMINPUTS  # 2HDM inputs
         1                  1   # 2HDM parametrization
         2                  1   # 2HDM type
         3     4.23635000E+00   # tan(beta)
         4     2.85055000E+04   # M_12^2
         5    -1.89345000E-01   # alpha
         6     1.25090000E+02   # M_h
         7     3.81767000E+02   # M_H
         8     3.50665000E+02   # M_A
         9     4.14114000E+02   # M_CH
        10                  5   # renormalization scheme EW corrs
        11     1D0              # input scale
#
BLOCK VCKMIN  # CKM mixing
         1     9.99100000E-01   # V_tb
         1     4.04000000E-02   # V_ts
         1     8.67000000E-03   # V_td
         1     4.12000000E-02   # V_cb
         1     9.73440000E-01   # V_cs
         1     2.25200000E-01   # V_cd
         1     3.51000000E-03   # V_ub
         1     2.25340000E-01   # V_us
         1     9.74270000E-01   # V_ud
#
#                 PDG
LO DECAY WIDTH    25   # h non-zero LO decay widths of on-shell and non-loop induced decays
#         WIDTH       NDA         ID1       ID2
     5.97916958E-03    2           5        -5   # GAM(h -> b       bb    )
     2.70563391E-04    2         -15        15   # GAM(h -> tau+    tau-  )
     9.57886585E-07    2         -13        13   # GAM(h -> mu+     mu-   )
     2.32313842E-06    2           3        -3   # GAM(h -> s       sb    )
     5.26935676E-04    2           4        -4   # GAM(h -> c       cb    )
#
#                 PDG
NLO DECAY WIDTH    25   # h non-zero NLO EW decay widths of on-shell and non-loop induced decays
                    5   # Renormalization Scheme Number
#         WIDTH       NDA         ID1       ID2
     5.71694292E-03    2           5        -5   # GAM(h -> b       bb    )
     2.58966083E-04    2         -15        15   # GAM(h -> tau+    tau-  )
     8.96780129E-07    2         -13        13   # GAM(h -> mu+     mu-   )
     2.26856036E-06    2           3        -3   # GAM(h -> s       sb    )
     5.11354991E-04    2           4        -4   # GAM(h -> c       cb    )
#
#                 PDG
LO DECAY WIDTH    35   # H non-zero LO decay widths of on-shell and non-loop induced decays
#         WIDTH       NDA         ID1       ID2
     6.75597237E-04    2           5        -5   # GAM(H -> b       bb    )
     3.03591648E-05    2         -15        15   # GAM(H -> tau+    tau-  )
     1.07366062E-07    2         -13        13   # GAM(H -> mu+     mu-   )
     2.60392039E-07    2           3        -3   # GAM(H -> s       sb    )
     5.91035408E-05    2           4        -4   # GAM(H -> c       cb    )
     6.42872868E-02    2           6        -6   # GAM(H -> t       tb    )
     2.59254840E-02    2          24       -24   # GAM(H -> W+      W-    )
     1.20313116E-02    2          23        23   # GAM(H -> Z       Z     )
     5.30776509E-02    2          25        25   # GAM(H -> h       h     )
#
#                 PDG
NLO DECAY WIDTH    35   # H non-zero NLO EW decay widths of on-shell and non-loop induced decays
                    5   # Renormalization Scheme Number
#         WIDTH       NDA         ID1       ID2
     6.34213413E-04    2           5        -5   # GAM(H -> b       bb    )
     2.70513781E-05    2         -15        15   # GAM(H -> tau+    tau-  )
     9.34240563E-08    2         -13        13   # GAM(H -> mu+     mu-   )
     2.39040775E-07    2           3        -3   # GAM(H -> s       sb    )
     5.37249876E-05    2           4        -4   # GAM(H -> c       cb    )
     6.21615721E-02    2           6        -6   # GAM(H -> t       tb    )
     2.41427981E-02    2          24       -24   # GAM(H -> W+      W-    )
     1.36508898E-02    2          23        23   # GAM(H -> Z       Z     )
     5.82692824E-02    2          25        25   # GAM(H -> h       h     )
#
#                 PDG
LO DECAY WIDTH    36   # A non-zero LO decay widths of on-shell and non-loop induced decays
#         WIDTH       NDA         ID1       ID2
     9.25105672E-04    2           5        -5   # GAM(A -> b       bb    )
     4.15502732E-05    2         -15        15   # GAM(A -> tau+    tau-  )
     1.46932228E-07    2         -13        13   # GAM(A -> mu+     mu-   )
     3.56350784E-07    2           3        -3   # GAM(A -> s       sb    )
     8.08882752E-05    2           4        -4   # GAM(A -> c       cb    )
     1.84174747E-01    2           6        -6   # GAM(A -> t       tb    )
     1.25890277E-02    2          23        25   # GAM(A -> Z       h     )
#
#                 PDG
NLO DECAY WIDTH    36   # A non-zero NLO EW decay widths of on-shell and non-loop induced decays
                    5   # Renormalization Scheme Number
#         WIDTH       NDA         ID1       ID2
     8.34824695E-04    2           5        -5   # GAM(A -> b       bb    )
     3.52951732E-05    2         -15        15   # GAM(A -> tau+    tau-  )
     1.21742375E-07    2         -13        13   # GAM(A -> mu+     mu-   )
     3.12156088E-07    2           3        -3   # GAM(A -> s       sb    )
     7.01381142E-05    2           4        -4   # GAM(A -> c       cb    )
     1.78839353E-01    2           6        -6   # GAM(A -> t       tb    )
     7.28412347E-03    2          23        25   # GAM(A -> Z       h     )
#
#                 PDG
LO DECAY WIDTH    37   # H+ non-zero LO decay widths of on-shell and no-loop induced decays
#         WIDTH       NDA         ID1       ID2
     2.01679032E-06    2           4        -5   # GAM(H+ -> c       bb     )
     4.90690542E-05    2         -15        16   # GAM(H+ -> tau+    nu_tau )
     1.73518018E-07    2         -13        14   # GAM(H+ -> mu+     nu_mu  )
     1.34610820E-08    2           2        -5   # GAM(H+ -> u       bb     )
     2.13688826E-08    2           2        -3   # GAM(H+ -> u       sb     )
     4.84455549E-06    2           4        -1   # GAM(H+ -> c       db     )
     9.09168937E-05    2           4        -3   # GAM(H+ -> c       sb     )
     9.51500809E-01    2           6        -5   # GAM(H+ -> t       bb     )
     1.55418200E-03    2           6        -3   # GAM(H+ -> t       sb     )
     7.15776056E-05    2           6        -1   # GAM(H+ -> t       db     )
     2.77209862E-02    2          24        25   # GAM(H+ -> W+      h      )
#
#                 PDG
NLO DECAY WIDTH    37   # H+ non-zero NLO EW decay widths of on-shell an non-loop induced decays
                    5   # Renormalization Scheme Number
#         WIDTH       NDA         ID1       ID2
     2.21171600E-06    2           4        -5   # GAM(H+ -> c       bb     )
     4.31048403E-05    2         -15        16   # GAM(H+ -> tau+    nu_tau )
     1.48801237E-07    2         -13        14   # GAM(H+ -> mu+     nu_mu  )
     2.01581663E-08    2           2        -5   # GAM(H+ -> u       bb     )
     1.93406015E-08    2           2        -3   # GAM(H+ -> u       sb     )
     4.35066834E-06    2           4        -1   # GAM(H+ -> c       db     )
     8.16507453E-05    2           4        -3   # GAM(H+ -> c       sb     )
     8.80943961E-01    2           6        -5   # GAM(H+ -> t       bb     )
     1.44131564E-03    2           6        -3   # GAM(H+ -> t       sb     )
     6.67025934E-05    2           6        -1   # GAM(H+ -> t       db     )
     2.77776046E-02    2          24        25   # GAM(H+ -> W+      h      )
