#
BLOCK DCINFO  # Decay Program information
     1   2HDECAY     # decay calculator
     2   1.0.0       # version number
#
BLOCK SMINPUTS  # Standard Model inputs
         2     1.19708620E-05   # G_F [GeV^-2]
         3     1.18000000E-01   # alpha_S(M_Z)^MSbar
         4     9.11534800E+01   # M_Z pole mass
         5     4.17999999E+00   # mb(mb)^MSbar
         6     1.73200000E+02   # mt pole mass
         7     1.77682000E+00   # mtau pole mass
         8     4.84131340E+00   # mb pole mass
         9     1.43131340E+00   # mc pole mass
        10     1.05658372E-01   # muon mass
        11     8.03579700E+01   # M_W mass
        12     2.08500000E+00   # W boson total width
        13     2.49520000E+00   # Z boson total width
#
BLOCK 2HDMINPUTS  # 2HDM inputs
         1                  1   # 2HDM parametrization
         2                  1   # 2HDM type
         3     8.48201000E-01   # tan(beta)
         4     2.44794000E+05   # M_12^2
         5    -8.67346188E-01   # alpha
         6     1.25090000E+02   # M_h
         7     2.58401000E+02   # M_H
         8     3.67427000E+02   # M_A
         9     1.85816000E+02   # M_CH
        10                  7   # renormalization scheme EW corrs
        11     MIN              # input scale
#
BLOCK VCKMIN  # CKM mixing
         1     9.99100000E-01   # V_tb
         1     4.04000000E-02   # V_ts
         1     8.67000000E-03   # V_td
         1     4.12000000E-02   # V_cb
         1     9.73440000E-01   # V_cs
         1     2.25200000E-01   # V_cd
         1     3.51000000E-03   # V_ub
         1     2.25340000E-01   # V_us
         1     9.74270000E-01   # V_ud
#
#                 PDG
LO DECAY WIDTH    25   # h non-zero LO decay widths of on-shell and non-loop induced decays
#         WIDTH       NDA         ID1       ID2
     5.87161201E-03    2           5        -5   # GAM(h -> b       bb    )
     2.65696304E-04    2         -15        15   # GAM(h -> tau+    tau-  )
     9.40655438E-07    2         -13        13   # GAM(h -> mu+     mu-   )
     2.28134815E-06    2           3        -3   # GAM(h -> s       sb    )
     5.17456781E-04    2           4        -4   # GAM(h -> c       cb    )
#
#                 PDG
NLO DECAY WIDTH    25   # h non-zero NLO EW decay widths of on-shell and non-loop induced decays
                    7   # Renormalization Scheme Number
#         WIDTH       NDA         ID1       ID2
     2.28187267E-03    2           5        -5   # GAM(h -> b       bb    )
     6.17138182E-05    2         -15        15   # GAM(h -> tau+    tau-  )
     1.98827536E-07    2         -13        13   # GAM(h -> mu+     mu-   )
     5.74756236E-07    2           3        -3   # GAM(h -> s       sb    )
     1.27073381E-04    2           4        -4   # GAM(h -> c       cb    )
#
#                 PDG
LO DECAY WIDTH    35   # H non-zero LO decay widths of on-shell and non-loop induced decays
#         WIDTH       NDA         ID1       ID2
     1.69757304E-02    2           5        -5   # GAM(H -> b       bb    )
     7.63589242E-04    2         -15        15   # GAM(H -> tau+    tau-  )
     2.70086913E-06    2         -13        13   # GAM(H -> mu+     mu-   )
     6.55034636E-06    2           3        -3   # GAM(H -> s       sb    )
     1.48664381E-03    2           4        -4   # GAM(H -> c       cb    )
     6.60201185E-12    2          24       -24   # GAM(H -> W+      W-    )
     2.83380600E-12    2          23        23   # GAM(H -> Z       Z     )
     1.16130966E-09    2          25        25   # GAM(H -> h       h     )
#
#                 PDG
NLO DECAY WIDTH    35   # H non-zero NLO EW decay widths of on-shell and non-loop induced decays
                    7   # Renormalization Scheme Number
#         WIDTH       NDA         ID1       ID2
     4.71701329E-03    2           5        -5   # GAM(H -> b       bb    )
     1.97619797E-04    2         -15        15   # GAM(H -> tau+    tau-  )
     6.42719981E-07    2         -13        13   # GAM(H -> mu+     mu-   )
     1.85964380E-06    2           3        -3   # GAM(H -> s       sb    )
     4.09405870E-04    2           4        -4   # GAM(H -> c       cb    )
     8.84107721E-07    2          24       -24   # GAM(H -> W+      W-    )
     4.11910440E-07    2          23        23   # GAM(H -> Z       Z     )
     6.23862857E-04    2          25        25   # GAM(H -> h       h     )
#
#                 PDG
LO DECAY WIDTH    36   # A non-zero LO decay widths of on-shell and non-loop induced decays
#         WIDTH       NDA         ID1       ID2
     2.41808113E-02    2           5        -5   # GAM(A -> b       bb    )
     1.08602701E-03    2         -15        15   # GAM(A -> tau+    tau-  )
     3.84044742E-06    2         -13        13   # GAM(A -> mu+     mu-   )
     9.31413391E-06    2           3        -3   # GAM(A -> s       sb    )
     2.11422702E-03    2           4        -4   # GAM(A -> c       cb    )
     1.03229821E+01    2           6        -6   # GAM(A -> t       tb    )
     1.74324734E-11    2          23        25   # GAM(A -> Z       h     )
     3.44874854E-01    2          23        35   # GAM(A -> Z       H     )
     2.40531130E+00    2          24       -37   # GAM(A -> W+      H-    ) 
     2.40531130E+00    2         -24        37   # GAM(A -> W-      H+    ) 
#
#                 PDG
NLO DECAY WIDTH    36   # A non-zero NLO EW decay widths of on-shell and non-loop induced decays
                    7   # Renormalization Scheme Number
#         WIDTH       NDA         ID1       ID2
     1.80692478E-02    2           5        -5   # GAM(A -> b       bb    )
     7.53485162E-04    2         -15        15   # GAM(A -> tau+    tau-  )
     2.58436610E-06    2         -13        13   # GAM(A -> mu+     mu-   )
     6.71135531E-06    2           3        -3   # GAM(A -> s       sb    )
     1.50450716E-03    2           4        -4   # GAM(A -> c       cb    )
     6.04007804E+00    2           6        -6   # GAM(A -> t       tb    )
    -2.06956068E-06    2          23        25   # GAM(A -> Z       h     )
     2.92741578E-01    2          23        35   # GAM(A -> Z       H     )
     2.01998330E+00    2          24       -37   # GAM(A -> W+      H-    )
     2.01998330E+00    2         -24        37   # GAM(A -> W-      H+    )
#
#                 PDG
LO DECAY WIDTH    37   # H+ non-zero LO decay widths of on-shell and no-loop induced decays
#         WIDTH       NDA         ID1       ID2
     2.25513986E-05    2           4        -5   # GAM(H+ -> c       bb     )
     5.49153244E-04    2         -15        16   # GAM(H+ -> tau+    nu_tau )
     1.94219868E-06    2         -13        14   # GAM(H+ -> mu+     nu_mu  )
     1.50507509E-07    2           2        -5   # GAM(H+ -> u       bb     )
     2.39183344E-07    2           2        -3   # GAM(H+ -> u       sb     )
     5.42203196E-05    2           4        -1   # GAM(H+ -> c       db     )
     1.01754332E-03    2           4        -3   # GAM(H+ -> c       sb     )
     2.52377818E-01    2           6        -5   # GAM(H+ -> t       bb     )
     4.39738823E-04    2           6        -3   # GAM(H+ -> t       sb     )
     2.02525576E-05    2           6        -1   # GAM(H+ -> t       db     )
#
#                 PDG
NLO DECAY WIDTH    37   # H+ non-zero NLO EW decay widths of on-shell an non-loop induced decays
                    7   # Renormalization Scheme Number
#         WIDTH       NDA         ID1       ID2
     1.04704465E-06    2           4        -5   # GAM(H+ -> c       bb     )
     2.07656909E-05    2         -15        16   # GAM(H+ -> tau+    nu_tau )
     3.29246329E-08    2         -13        14   # GAM(H+ -> mu+     nu_mu  )
     8.16773782E-10    2           2        -5   # GAM(H+ -> u       bb     )
     1.44322007E-08    2           2        -3   # GAM(H+ -> u       sb     )
     2.86981238E-06    2           4        -1   # GAM(H+ -> c       db     )
     5.47832596E-05    2           4        -3   # GAM(H+ -> c       sb     )
    -3.56631704E-02    2           6        -5   # GAM(H+ -> t       bb     )
    -6.19187424E-05    2           6        -3   # GAM(H+ -> t       sb     )
    -2.70052258E-06    2           6        -1   # GAM(H+ -> t       db     )
