#
BLOCK DCINFO  # Decay Program information
     1   2HDECAY     # decay calculator
     2   1.0.0       # version number
#
BLOCK SMINPUTS  # Standard Model inputs
         2     1.19708620E-05   # G_F [GeV^-2]
         3     1.18000000E-01   # alpha_S(M_Z)^MSbar
         4     9.11534800E+01   # M_Z pole mass
         5     4.17999999E+00   # mb(mb)^MSbar
         6     1.73200000E+02   # mt pole mass
         7     1.77682000E+00   # mtau pole mass
         8     4.84131340E+00   # mb pole mass
         9     1.43131340E+00   # mc pole mass
        10     1.05658372E-01   # muon mass
        11     8.03579700E+01   # M_W mass
        12     2.08500000E+00   # W boson total width
        13     2.49520000E+00   # Z boson total width
#
BLOCK 2HDMINPUTS  # 2HDM inputs
         1                  1   # 2HDM parametrization
         2                  1   # 2HDM type
         3     8.48201000E-01   # tan(beta)
         4     2.44794000E+05   # M_12^2
         5    -8.67346188E-01   # alpha
         6     1.25090000E+02   # M_h
         7     2.58401000E+02   # M_H
         8     3.67427000E+02   # M_A
         9     1.85816000E+02   # M_CH
        10                  7   # renormalization scheme EW corrs
        11     1.00000000E+00   # input scale
#
BLOCK VCKMIN  # CKM mixing
         1     9.99100000E-01   # V_tb
         1     4.04000000E-02   # V_ts
         1     8.67000000E-03   # V_td
         1     4.12000000E-02   # V_cb
         1     9.73440000E-01   # V_cs
         1     2.25200000E-01   # V_cd
         1     3.51000000E-03   # V_ub
         1     2.25340000E-01   # V_us
         1     9.74270000E-01   # V_ud
#
#            PDG    Width QCD Only
DECAY QCD    25     4.20543528E-03   # h decays with QCD corrections only
#          BR         NDA         ID1       ID2
     5.87475888E-01    2           5        -5   # BR(h -> b       bb     )
     6.31792635E-02    2         -15        15   # BR(h -> tau+    tau-   )
     2.23676118E-04    2         -13        13   # BR(h -> mu+     mu-    )
     2.21864020E-04    2           3        -3   # BR(h -> s       sb     )
     2.87618830E-02    2           4        -4   # BR(h -> c       cb     )
     7.68281463E-02    2          21        21   # BR(h -> g       g      )
     6.72112491E-03    2          22        22   # BR(h -> gam     gam    )
     2.48835372E-03    2          22        23   # BR(h -> Z       gam    )
     2.08074817E-01    2          24       -24   # BR(h -> W+      W-     )
     2.60249832E-02    2          23        23   # BR(h -> Z       Z      )
#
#               PDG    Width QCD and EW
DECAY QCD&EW    25     1.86569010E-05   # h decays with QCD and EW corrections
                       7                # Renormalization Scheme Number
#          BR         NDA         ID1       ID2
    -5.99962488E+01    2           5        -5   # BR(h -> b       bb     )
     3.30731715E+00    2         -15        15   # BR(h -> tau+    tau-   )
     1.06552422E-02    2         -13        13   # BR(h -> mu+     mu-    )
    -4.14666240E-02    2           3        -3   # BR(h -> s       sb     )
    -1.44421463E+01    2           4        -4   # BR(h -> c       cb     )
     1.73177634E+01    2          21        21   # BR(h -> g       g      )
     1.51500272E+00    2          22        22   # BR(h -> gam     gam    )
     5.60897574E-01    2          22        23   # BR(h -> Z       gam    )
     4.69019575E+01    2          24       -24   # BR(h -> W+      W-     )
     5.86626807E+00    2          23        23   # BR(h -> Z       Z      )
#
#                 PDG
LO DECAY WIDTH    25   # h non-zero LO decay widths of on-shell and non-loop induced decays
#         WIDTH       NDA         ID1       ID2
     5.87161201E-03    2           5        -5   # GAM(h -> b       bb    )
     2.65696304E-04    2         -15        15   # GAM(h -> tau+    tau-  )
     9.40655438E-07    2         -13        13   # GAM(h -> mu+     mu-   )
     2.28134815E-06    2           3        -3   # GAM(h -> s       sb    )
     5.17456781E-04    2           4        -4   # GAM(h -> c       cb    )
#
#                 PDG
NLO DECAY WIDTH    25   # h non-zero NLO EW decay widths of on-shell and non-loop induced decays
                    7   # Renormalization Scheme Number
#         WIDTH       NDA         ID1       ID2
     2.28167611E-03    2           5        -5   # GAM(h -> b       bb    )
     6.17042885E-05    2         -15        15   # GAM(h -> tau+    tau-  )
     1.98793798E-07    2         -13        13   # GAM(h -> mu+     mu-   )
     5.74674673E-07    2           3        -3   # GAM(h -> s       sb    )
     1.27054851E-04    2           4        -4   # GAM(h -> c       cb    )
#
#            PDG    Width QCD Only
DECAY QCD    35     1.89952407E-02   # H decays with QCD corrections only
#          BR         NDA         ID1       ID2
     3.25141609E-01    2           5        -5   # BR(H -> b       bb     )
     4.01989769E-02    2         -15        15   # BR(H -> tau+    tau-   )
     1.42186623E-04    2         -13        13   # BR(H -> mu+     mu-    )
     1.22659006E-04    2           3        -3   # BR(H -> s       sb     )
     1.59108689E-02    2           4        -4   # BR(H -> c       cb     )
     2.13388286E-12    2           6        -6   # BR(H -> t       tb     )
     2.30310562E-01    2          21        21   # BR(H -> g       g      )
     2.22381289E-04    2          22        22   # BR(H -> gam     gam    )
     1.04325797E-05    2          22        23   # BR(H -> Z       gam    )
     3.47561369E-10    2          24       -24   # BR(H -> W+      W-     )
     1.49185053E-10    2          23        23   # BR(H -> Z       Z      )
     6.11368753E-08    2          25        25   # BR(H -> h       h      )
     1.93970131E-01    2          24       -37   # BR(H -> W+      H-     )
     1.93970131E-01    2         -24        37   # BR(H -> W-      H+     )
#
#               PDG    Width QCD and EW
DECAY QCD&EW    35     5.71098358E-03   # H decays with QCD and EW corrections
                       7                # Renormalization Scheme Number
#          BR         NDA         ID1       ID2
    -1.06518037E+00    2           5        -5   # BR(H -> b       bb     )
     3.45979449E-02    2         -15        15   # BR(H -> tau+    tau-   )
     1.12521521E-04    2         -13        13   # BR(H -> mu+     mu-    )
    -4.13419955E-04    2           3        -3   # BR(H -> s       sb     )
    -1.35715394E-01    2           4        -4   # BR(H -> c       cb     )
     7.09748468E-12    2           6        -6   # BR(H -> t       tb     )
     7.66033470E-01    2          21        21   # BR(H -> g       g      )
     7.39660000E-04    2          22        22   # BR(H -> gam     gam    )
     3.46996906E-05    2          22        23   # BR(H -> Z       gam    )
     1.54770329E-04    2          24       -24   # BR(H -> W+      W-     )
     7.21260066E-05    2          23        23   # BR(H -> Z       Z      )
     1.09240085E-01    2          25        25   # BR(H -> h       h      )
     6.45161953E-01    2          24       -37   # BR(H -> W+      H-       )
     6.45161953E-01    2         -24        37   # BR(H -> W-      H+       )
#
#                 PDG
LO DECAY WIDTH    35   # H non-zero LO decay widths of on-shell and non-loop induced decays
#         WIDTH       NDA         ID1       ID2
     1.69757304E-02    2           5        -5   # GAM(H -> b       bb    )
     7.63589242E-04    2         -15        15   # GAM(H -> tau+    tau-  )
     2.70086913E-06    2         -13        13   # GAM(H -> mu+     mu-   )
     6.55034636E-06    2           3        -3   # GAM(H -> s       sb    )
     1.48664381E-03    2           4        -4   # GAM(H -> c       cb    )
     6.60201185E-12    2          24       -24   # GAM(H -> W+      W-    )
     2.83380600E-12    2          23        23   # GAM(H -> Z       Z     )
     1.16130966E-09    2          25        25   # GAM(H -> h       h     )
#
#                 PDG
NLO DECAY WIDTH    35   # H non-zero NLO EW decay widths of on-shell and non-loop induced decays
                    7   # Renormalization Scheme Number
#         WIDTH       NDA         ID1       ID2
     4.71635965E-03    2           5        -5   # GAM(H -> b       bb    )
     1.97588295E-04    2         -15        15   # GAM(H -> tau+    tau-  )
     6.42608556E-07    2         -13        13   # GAM(H -> mu+     mu-   )
     1.85937443E-06    2           3        -3   # GAM(H -> s       sb    )
     4.09344633E-04    2           4        -4   # GAM(H -> c       cb    )
     8.83890809E-07    2          24       -24   # GAM(H -> W+      W-    )
     4.11910439E-07    2          23        23   # GAM(H -> Z       Z     )
     6.23868331E-04    2          25        25   # GAM(H -> h       h     )
#
#            PDG    Width QCD Only
DECAY QCD    36     2.08222781E+01   # A decays with QCD corrections only
#          BR         NDA         ID1       ID2
     3.86297337E-04    2           5        -5   # BR(A -> b       bb     )
     5.21569733E-05    2         -15        15   # BR(A -> tau+    tau-   )
     1.84439349E-07    2         -13        13   # BR(A -> mu+     mu-    )
     1.38627372E-07    2           3        -3   # BR(A -> s       sb     )
     1.95323705E-05    2           4        -4   # BR(A -> c       cb     )
     7.46942088E-01    2           6        -6   # BR(A -> t       tb     )
     4.98333219E-03    2          21        21   # BR(A -> g       g      )
     1.74986529E-05    2          22        22   # BR(A -> gam     gam    )
     3.50718809E-06    2          22        23   # BR(A -> Z       gam    )
     8.37202982E-13    2          23        25   # BR(A -> Z       h      )
     8.37202982E-13    2          23        35   # BR(A -> Z       H      )
     1.15516241E-01    2          24       -37   # BR(A -> W+      H-     )
     1.15516241E-01    2         -24        37   # BR(A -> W-      H+     )
#
#               PDG    Width QCD and EW
DECAY QCD&EW    36     1.57089152E+01   # A decays with QCD and EW correction s
                       7                # Renormalization Scheme Number
#          BR         NDA         ID1       ID2
     1.22926187E-04    2           5        -5   # BR(A -> b       bb     )
     4.79624156E-05    2         -15        15   # BR(A -> tau+    tau-   )
     1.64505161E-07    2         -13        13   # BR(A -> mu+     mu-    )
     1.80376435E-08    2           3        -3   # BR(A -> s       sb     )
    -1.29292196E-05    2           4        -4   # BR(A -> c       cb     )
     7.17408545E-01    2           6        -6   # BR(A -> t       tb     )
     6.60544206E-03    2          21        21   # BR(A -> g       g      )
     2.31945882E-05    2          22        22   # BR(A -> gam     gam    )
     4.64880262E-06    2          22        23   # BR(A -> Z       gam    )
    -1.31744342E-07    2          23        25   # BR(A -> Z       h      )
     1.86344153E-02    2          23        35   # BR(A -> Z       H      )
     1.28582872E-01    2          24       -37   # BR(A -> W+      H-     )
     1.28582872E-01    2         -24        37   # BR(A -> W-      H+     )
#
#                 PDG
LO DECAY WIDTH    36   # A non-zero LO decay widths of on-shell and non-loop induced decays
#         WIDTH       NDA         ID1       ID2
     2.41808113E-02    2           5        -5   # GAM(A -> b       bb    )
     1.08602701E-03    2         -15        15   # GAM(A -> tau+    tau-  )
     3.84044742E-06    2         -13        13   # GAM(A -> mu+     mu-   )
     9.31413391E-06    2           3        -3   # GAM(A -> s       sb    )
     2.11422702E-03    2           4        -4   # GAM(A -> c       cb    )
     1.03229821E+01    2           6        -6   # GAM(A -> t       tb    )
     1.74324734E-11    2          23        25   # GAM(A -> Z       h     )
     3.44874854E-01    2          23        35   # GAM(A -> Z       H     )
     2.40531130E+00    2          24       -37   # GAM(A -> W+      H-    ) 
     2.40531130E+00    2         -24        37   # GAM(A -> W-      H+    ) 
#
#                 PDG
NLO DECAY WIDTH    36   # A non-zero NLO EW decay widths of on-shell and non-loop induced decays
                    7   # Renormalization Scheme Number
#         WIDTH       NDA         ID1       ID2
     1.80682577E-02    2           5        -5   # GAM(A -> b       bb    )
     7.53437518E-04    2         -15        15   # GAM(A -> tau+    tau-  )
     2.58419762E-06    2         -13        13   # GAM(A -> mu+     mu-   )
     6.71094801E-06    2           3        -3   # GAM(A -> s       sb    )
     1.50441455E-03    2           4        -4   # GAM(A -> c       cb    )
     6.03965619E+00    2           6        -6   # GAM(A -> t       tb    )
    -2.06956068E-06    2          23        25   # GAM(A -> Z       h     )
     2.92726448E-01    2          23        35   # GAM(A -> Z       H     )
     2.01989743E+00    2          24       -37   # GAM(A -> W+      H-    )
     2.01989743E+00    2         -24        37   # GAM(A -> W-      H+    )
#
#            PDG    Width QCD Only
DECAY QCD    37     3.87174916E-01   # H+ decays with QCD corrections only
#          BR         NDA         ID1       ID2
     2.09979988E-05    2           4        -5   # BR(H+ -> c       bb     )
     1.41835956E-03    2         -15        16   # BR(H+ -> tau+    nu_tau )
     5.01633396E-06    2         -13        14   # BR(H+ -> mu+     nu_mu  )
     1.45193334E-07    2           2        -5   # BR(H+ -> u       bb     )
     2.21175374E-07    2           2        -3   # BR(H+ -> u       sb     )
     2.90412489E-05    2           4        -1   # BR(H+ -> c       db     )
     5.46753792E-04    2           4        -3   # BR(H+ -> c       sb     )
     9.96170222E-01    2           6        -5   # BR(H+ -> t       bb     )
     1.72954649E-03    2           6        -3   # BR(H+ -> t       sb     )
     7.96960985E-05    2           6        -1   # BR(H+ -> t       db     )
     5.10504204E-15    2          24        25   # BR(H+ -> W+      h      )
#
#               PDG    Width QCD and EW
DECAY QCD&EW    37     9.70425651E-02   # H+ decays with QCD and EW correctios
                       7                # Renormalization Scheme Number
#          BR         NDA         ID1       ID2
    -3.18914342E-05    2           4        -5   # BR(H+ -> c       bb     )
     2.13774460E-04    2         -15        16   # BR(H+ -> tau+    nu_tau )
     3.38534333E-07    2         -13        14   # BR(H+ -> mu+     nu_mu  )
     1.27673656E-06    2           2        -5   # BR(H+ -> u       bb     )
    -1.43134070E-06    2           2        -3   # BR(H+ -> u       sb     )
    -4.13166417E-04    2           4        -1   # BR(H+ -> c       db     )
    -7.73759417E-03    2           4        -3   # BR(H+ -> c       sb     )
     1.00615461E+00    2           6        -5   # BR(H+ -> t       bb     )
     1.73254871E-03    2           6        -3   # BR(H+ -> t       sb     )
     8.15305047E-05    2           6        -1   # BR(H+ -> t       db     )
     2.03678069E-14    2          24        25   # BR(H+ -> W+      h      )
#
#                 PDG
LO DECAY WIDTH    37   # H+ non-zero LO decay widths of on-shell and no-loop induced decays
#         WIDTH       NDA         ID1       ID2
     2.25513986E-05    2           4        -5   # GAM(H+ -> c       bb     )
     5.49153244E-04    2         -15        16   # GAM(H+ -> tau+    nu_tau )
     1.94219868E-06    2         -13        14   # GAM(H+ -> mu+     nu_mu  )
     1.50507509E-07    2           2        -5   # GAM(H+ -> u       bb     )
     2.39183344E-07    2           2        -3   # GAM(H+ -> u       sb     )
     5.42203196E-05    2           4        -1   # GAM(H+ -> c       db     )
     1.01754332E-03    2           4        -3   # GAM(H+ -> c       sb     )
     2.52377818E-01    2           6        -5   # GAM(H+ -> t       bb     )
     4.39738823E-04    2           6        -3   # GAM(H+ -> t       sb     )
     2.02525576E-05    2           6        -1   # GAM(H+ -> t       db     )
#
#                 PDG
NLO DECAY WIDTH    37   # H+ non-zero NLO EW decay widths of on-shell an non-loop induced decays
                    7   # Renormalization Scheme Number
#         WIDTH       NDA         ID1       ID2
     1.13266736E-05    2           4        -5   # GAM(H+ -> c       bb     )
     2.07452219E-05    2         -15        16   # GAM(H+ -> tau+    nu_tau )
     3.28522400E-08    2         -13        14   # GAM(H+ -> mu+     nu_mu  )
     2.18190083E-07    2           2        -5   # GAM(H+ -> u       bb     )
     1.46488136E-08    2           2        -3   # GAM(H+ -> u       sb     )
     2.88154760E-06    2           4        -1   # GAM(H+ -> c       db     )
     5.49779804E-05    2           4        -3   # GAM(H+ -> c       sb     )
    -3.56744796E-02    2           6        -5   # GAM(H+ -> t       bb     )
    -6.17672239E-05    2           6        -3   # GAM(H+ -> t       sb     )
    -2.69184334E-06    2           6        -1   # GAM(H+ -> t       db     )
#
#         PDG            Width
DECAY         6     1.33593508E+00   # top decays
#          BR         NDA         ID1       ID2
     1.00000000E+00    2           5        24   # BR(t -> b       W+    )
