#
BLOCK DCINFO  # Decay Program information
     1   2HDECAY     # decay calculator
     2   1.0.0       # version number
#
BLOCK SMINPUTS  # Standard Model inputs
         2     1.19708620E-05   # G_F [GeV^-2]
         3     1.18000000E-01   # alpha_S(M_Z)^MSbar
         4     9.11534800E+01   # M_Z pole mass
         5     4.17999999E+00   # mb(mb)^MSbar
         6     1.73200000E+02   # mt pole mass
         7     1.77682000E+00   # mtau pole mass
         8     4.84131340E+00   # mb pole mass
         9     1.43131340E+00   # mc pole mass
        10     1.05658372E-01   # muon mass
        11     8.03579700E+01   # M_W mass
        12     2.08500000E+00   # W boson total width
        13     2.49520000E+00   # Z boson total width
#
BLOCK 2HDMINPUTS  # 2HDM inputs
         1                  1   # 2HDM parametrization
         2                  1   # 2HDM type
         3     8.48201000E-01   # tan(beta)
         4     2.44794000E+05   # M_12^2
         5    -8.67346188E-01   # alpha
         6     1.25090000E+02   # M_h
         7     8.58401000E+02   # M_H
         8     7.67427000E+02   # M_A
         9     7.85816000E+02   # M_CH
        10                  7   # renormalization scheme EW corrs
        11     1.00000000E+00   # input scale
#
BLOCK VCKMIN  # CKM mixing
         1     9.99100000E-01   # V_tb
         1     4.04000000E-02   # V_ts
         1     8.67000000E-03   # V_td
         1     4.12000000E-02   # V_cb
         1     9.73440000E-01   # V_cs
         1     2.25200000E-01   # V_cd
         1     3.51000000E-03   # V_ub
         1     2.25340000E-01   # V_us
         1     9.74270000E-01   # V_ud
#
#            PDG    Width QCD Only
DECAY QCD    25     4.18263907E-03   # h decays with QCD corrections only
#          BR         NDA         ID1       ID2
     5.90677748E-01    2           5        -5   # BR(h -> b       bb     )
     6.35236030E-02    2         -15        15   # BR(h -> tau+    tau-   )
     2.24895197E-04    2         -13        13   # BR(h -> mu+     mu-    )
     2.23073223E-04    2           3        -3   # BR(h -> s       sb     )
     2.89186409E-02    2           4        -4   # BR(h -> c       cb     )
     7.72468749E-02    2          21        21   # BR(h -> g       g      )
     2.27219308E-03    2          22        22   # BR(h -> gam     gam    )
     1.53728103E-03    2          22        23   # BR(h -> Z       gam    )
     2.09208866E-01    2          24       -24   # BR(h -> W+      W-     )
     2.61668245E-02    2          23        23   # BR(h -> Z       Z      )
#
#               PDG    Width QCD and EW
DECAY QCD&EW    25     3.84312748E-03   # h decays with QCD and EW corrections
                       7                # Renormalization Scheme Number
#          BR         NDA         ID1       ID2
     5.61748031E-01    2           5        -5   # BR(h -> b       bb     )
     6.60855724E-02    2         -15        15   # BR(h -> tau+    tau-   )
     2.28842435E-04    2         -13        13   # BR(h -> mu+     mu-    )
     2.28073989E-04    2           3        -3   # BR(h -> s       sb     )
     2.73230346E-02    2           4        -4   # BR(h -> c       cb     )
     8.40710590E-02    2          21        21   # BR(h -> g       g      )
     2.47292436E-03    2          22        22   # BR(h -> gam     gam    )
     1.67308832E-03    2          22        23   # BR(h -> Z       gam    )
     2.27690906E-01    2          24       -24   # BR(h -> W+      W-     )
     2.84784679E-02    2          23        23   # BR(h -> Z       Z      )
#
#                 PDG
LO DECAY WIDTH    25   # h non-zero LO decay widths of on-shell and non-loop induced decays
#         WIDTH       NDA         ID1       ID2
     5.87161201E-03    2           5        -5   # GAM(h -> b       bb    )
     2.65696304E-04    2         -15        15   # GAM(h -> tau+    tau-  )
     9.40655438E-07    2         -13        13   # GAM(h -> mu+     mu-   )
     2.28134815E-06    2           3        -3   # GAM(h -> s       sb    )
     5.17456781E-04    2           4        -4   # GAM(h -> c       cb    )
#
#                 PDG
NLO DECAY WIDTH    25   # h non-zero NLO EW decay widths of on-shell and non-loop induced decays
                    7   # Renormalization Scheme Number
#         WIDTH       NDA         ID1       ID2
     5.55988948E-03    2           5        -5   # GAM(h -> b       bb    )
     2.53975279E-04    2         -15        15   # GAM(h -> tau+    tau-  )
     8.79470651E-07    2         -13        13   # GAM(h -> mu+     mu-   )
     2.22483078E-06    2           3        -3   # GAM(h -> s       sb    )
     5.01506449E-04    2           4        -4   # GAM(h -> c       cb    )
#
#            PDG    Width QCD Only
DECAY QCD    35     5.00390545E+01   # H decays with QCD corrections only
#          BR         NDA         ID1       ID2
     3.34345211E-04    2           5        -5   # BR(H -> b       bb     )
     5.07059338E-05    2         -15        15   # BR(H -> tau+    tau-   )
     1.79304367E-07    2         -13        13   # BR(H -> mu+     mu-    )
     1.25955590E-07    2           3        -3   # BR(H -> s       sb     )
     1.63578044E-05    2           4        -4   # BR(H -> c       cb     )
     9.97065308E-01    2           6        -6   # BR(H -> t       tb     )
     1.84680278E-03    2          21        21   # BR(H -> g       g      )
     5.55376851E-06    2          22        22   # BR(H -> gam     gam    )
     1.86421128E-06    2          22        23   # BR(H -> Z       gam    )
     8.07909257E-12    2          24       -24   # BR(H -> W+      W-     )
     3.97914931E-12    2          23        23   # BR(H -> Z       Z      )
     2.17676110E-11    2          36        36   # BR(H -> A       A      )
     1.11063059E-11    2          25        25   # BR(H -> h       h      )
     4.71722485E-04    2          23        36   # BR(H -> Z       A      )
     1.03517460E-04    2          24       -37   # BR(H -> W+      H-     )
     1.03517460E-04    2         -24        37   # BR(H -> W-      H+     )
#
#               PDG    Width QCD and EW
DECAY QCD&EW    35     4.86604066E+01   # H decays with QCD and EW corrections
                       7                # Renormalization Scheme Number
#          BR         NDA         ID1       ID2
     1.97397797E-04    2           5        -5   # BR(H -> b       bb     )
     4.49869760E-05    2         -15        15   # BR(H -> tau+    tau-   )
     1.55227241E-07    2         -13        13   # BR(H -> mu+     mu-    )
     8.14160932E-08    2           3        -3   # BR(H -> s       sb     )
     4.96934521E-06    2           4        -4   # BR(H -> c       cb     )
     9.97147639E-01    2           6        -6   # BR(H -> t       tb     )
     1.89912644E-03    2          21        21   # BR(H -> g       g      )
     5.71111803E-06    2          22        22   # BR(H -> gam     gam    )
     1.91702817E-06    2          22        23   # BR(H -> Z       gam    )
     3.49416833E-08    2          24       -24   # BR(H -> W+      W-     )
     7.40166308E-09    2          23        23   # BR(H -> Z       Z      )
     2.23843315E-11    2          36        36   # BR(H -> A       A      )
    -1.50177538E-08    2          25        25   # BR(H -> h       h      )
     4.85087339E-04    2          23        36   # BR(H -> Z       A      )
     1.06450319E-04    2          24       -37   # BR(H -> W+      H-       )
     1.06450319E-04    2         -24        37   # BR(H -> W-      H+       )
#
#                 PDG
LO DECAY WIDTH    35   # H non-zero LO decay widths of on-shell and non-loop induced decays
#         WIDTH       NDA         ID1       ID2
     5.65011041E-02    2           5        -5   # GAM(H -> b       bb    )
     2.53727698E-03    2         -15        15   # GAM(H -> tau+    tau-  )
     8.97222099E-06    2         -13        13   # GAM(H -> mu+     mu-   )
     2.17600861E-05    2           3        -3   # GAM(H -> s       sb    )
     4.93941664E-03    2           4        -4   # GAM(H -> c       cb    )
     5.54010192E+01    2           6        -6   # GAM(H -> t       tb    )
     4.04270153E-10    2          24       -24   # GAM(H -> W+      W-    )
     1.99112869E-10    2          23        23   # GAM(H -> Z       Z     )
     5.55749044E-10    2          25        25   # GAM(H -> h       h     )
#
#                 PDG
NLO DECAY WIDTH    35   # H non-zero NLO EW decay widths of on-shell and non-loop induced decays
                    7   # Renormalization Scheme Number
#         WIDTH       NDA         ID1       ID2
     4.93762429E-02    2           5        -5   # GAM(H -> b       bb    )
     2.18908454E-03    2         -15        15   # GAM(H -> tau+    tau-  )
     7.55342067E-06    2         -13        13   # GAM(H -> mu+     mu-   )
     1.94191276E-05    2           3        -3   # GAM(H -> s       sb    )
     4.36269793E-03    2           4        -4   # GAM(H -> c       cb    )
     5.40304235E+01    2           6        -6   # GAM(H -> t       tb    )
     1.70027652E-06    2          24       -24   # GAM(H -> W+      W-    )
     3.60167935E-07    2          23        23   # GAM(H -> Z       Z     )
    -7.30770005E-07    2          25        25   # GAM(H -> h       h     )
#
#            PDG    Width QCD Only
DECAY QCD    36     5.15412502E+01   # A decays with QCD corrections only
#          BR         NDA         ID1       ID2
     2.87906150E-04    2           5        -5   # BR(A -> b       bb     )
     4.40116186E-05    2         -15        15   # BR(A -> tau+    tau-   )
     1.55629864E-07    2         -13        13   # BR(A -> mu+     mu-    )
     1.03501189E-07    2           3        -3   # BR(A -> s       sb     )
     1.45760623E-05    2           4        -4   # BR(A -> c       cb     )
     9.97290664E-01    2           6        -6   # BR(A -> t       tb     )
     2.35339916E-03    2          21        21   # BR(A -> g       g      )
     6.91270192E-06    2          22        22   # BR(A -> gam     gam    )
     2.27091479E-06    2          22        23   # BR(A -> Z       gam    )
     5.20260229E-12    2          23        25   # BR(A -> Z       h      )
#
#               PDG    Width QCD and EW
DECAY QCD&EW    36     5.14363375E+01   # A decays with QCD and EW correction s
                       7                # Renormalization Scheme Number
#          BR         NDA         ID1       ID2
     2.49221612E-04    2           5        -5   # BR(A -> b       bb     )
     4.11059865E-05    2         -15        15   # BR(A -> tau+    tau-   )
     1.42096414E-07    2         -13        13   # BR(A -> mu+     mu-    )
     8.91291542E-08    2           3        -3   # BR(A -> s       sb     )
     1.05040855E-05    2           4        -4   # BR(A -> c       cb     )
     9.97331541E-01    2           6        -6   # BR(A -> t       tb     )
     2.35819930E-03    2          21        21   # BR(A -> g       g      )
     6.92680148E-06    2          22        22   # BR(A -> gam     gam    )
     2.27554669E-06    2          22        23   # BR(A -> Z       gam    )
    -5.29872551E-09    2          23        25   # BR(A -> Z       h      )
#
#                 PDG
LO DECAY WIDTH    36   # A non-zero LO decay widths of on-shell and non-loop induced decays
#         WIDTH       NDA         ID1       ID2
     5.05188153E-02    2           5        -5   # GAM(A -> b       bb    )
     2.26841385E-03    2         -15        15   # GAM(A -> tau+    tau-  )
     8.02135776E-06    2         -13        13   # GAM(A -> mu+     mu-   )
     1.94539829E-05    2           3        -3   # GAM(A -> s       sb    )
     4.41598699E-03    2           4        -4   # GAM(A -> c       cb    )
     5.77010715E+01    2           6        -6   # GAM(A -> t       tb    )
     2.68148626E-10    2          23        25   # GAM(A -> Z       h     )
#
#                 PDG
NLO DECAY WIDTH    36   # A non-zero NLO EW decay widths of on-shell and non-loop induced decays
                    7   # Renormalization Scheme Number
#         WIDTH       NDA         ID1       ID2
     4.84988193E-02    2           5        -5   # GAM(A -> b       bb    )
     2.11434139E-03    2         -15        15   # GAM(A -> tau+    tau-  )
     7.30891912E-06    2         -13        13   # GAM(A -> mu+     mu-   )
     1.87038795E-05    2           3        -3   # GAM(A -> s       sb    )
     4.20501020E-03    2           4        -4   # GAM(A -> c       cb    )
     5.75985456E+01    2           6        -6   # GAM(A -> t       tb    )
    -2.72547034E-07    2          23        25   # GAM(A -> Z       h     )
#
#            PDG    Width QCD Only
DECAY QCD    37     5.06882790E+01   # H+ decays with QCD corrections only
#          BR         NDA         ID1       ID2
     5.29195257E-07    2           4        -5   # BR(H+ -> c       bb     )
     4.58246073E-05    2         -15        16   # BR(H+ -> tau+    nu_tau )
     1.62040709E-07    2         -13        14   # BR(H+ -> mu+     nu_mu  )
     3.66250138E-09    2           2        -5   # BR(H+ -> u       bb     )
     5.58459960E-09    2           2        -3   # BR(H+ -> u       sb     )
     7.33249594E-07    2           4        -1   # BR(H+ -> c       db     )
     1.38046297E-05    2           4        -3   # BR(H+ -> c       sb     )
     9.98232552E-01    2           6        -5   # BR(H+ -> t       bb     )
     1.63120479E-03    2           6        -3   # BR(H+ -> t       sb     )
     7.51244331E-05    2           6        -1   # BR(H+ -> t       db     )
     5.77097569E-12    2          24        25   # BR(H+ -> W+      h      )
     5.57727053E-08    2          24        36   # BR(H+ -> W+      A      )
#
#               PDG    Width QCD and EW
DECAY QCD&EW    37     5.03210688E+01   # H+ decays with QCD and EW correctios
                       7                # Renormalization Scheme Number
#          BR         NDA         ID1       ID2
     1.39653586E-06    2           4        -5   # BR(H+ -> c       bb     )
     4.28363916E-05    2         -15        16   # BR(H+ -> tau+    nu_tau )
     1.48062875E-07    2         -13        14   # BR(H+ -> mu+     nu_mu  )
     2.27347871E-08    2           2        -5   # BR(H+ -> u       bb     )
     4.63052003E-09    2           2        -3   # BR(H+ -> u       sb     )
     5.25102708E-07    2           4        -1   # BR(H+ -> c       db     )
     9.80422785E-06    2           4        -3   # BR(H+ -> c       sb     )
     9.98234974E-01    2           6        -5   # BR(H+ -> t       bb     )
     1.63478747E-03    2           6        -3   # BR(H+ -> t       sb     )
     7.54295799E-05    2           6        -1   # BR(H+ -> t       db     )
     1.52205671E-08    2          24        25   # BR(H+ -> W+      h      )
     5.61796980E-08    2          24        36   # BR(H+ -> W+      A      )
#
#                 PDG
LO DECAY WIDTH    37   # H+ non-zero LO decay widths of on-shell and no-loop induced decays
#         WIDTH       NDA         ID1       ID2
     9.54832678E-05    2           4        -5   # GAM(H+ -> c       bb     )
     2.32277048E-03    2         -15        16   # GAM(H+ -> tau+    nu_tau )
     8.21356465E-06    2         -13        14   # GAM(H+ -> mu+     nu_mu  )
     6.37313009E-07    2           2        -5   # GAM(H+ -> u       bb     )
     1.01150704E-06    2           2        -3   # GAM(H+ -> u       sb     )
     2.29323462E-04    2           4        -1   # GAM(H+ -> c       db     )
     4.30367148E-03    2           4        -3   # GAM(H+ -> c       sb     )
     5.98791660E+01    2           6        -5   # GAM(H+ -> t       bb     )
     9.78247353E-02    2           6        -3   # GAM(H+ -> t       sb     )
     4.50530299E-03    2           6        -1   # GAM(H+ -> t       db     )
     2.92520826E-10    2          24        25   # GAM(H+ -> W+      h      )
#
#                 PDG
NLO DECAY WIDTH    37   # H+ non-zero NLO EW decay widths of on-shell an non-loop induced decays
                    7   # Renormalization Scheme Number
#         WIDTH       NDA         ID1       ID2
     1.38934448E-04    2           4        -5   # GAM(H+ -> c       bb     )
     2.15557301E-03    2         -15        16   # GAM(H+ -> tau+    nu_tau )
     7.45068213E-06    2         -13        14   # GAM(H+ -> mu+     nu_mu  )
     1.59570590E-06    2           2        -5   # GAM(H+ -> u       bb     )
     9.61446010E-07    2           2        -3   # GAM(H+ -> u       sb     )
     2.18580032E-04    2           4        -1   # GAM(H+ -> c       db     )
     4.09729778E-03    2           4        -3   # GAM(H+ -> c       sb     )
     5.95127267E+01    2           6        -5   # GAM(H+ -> t       bb     )
     9.74060245E-02    2           6        -3   # GAM(H+ -> t       sb     )
     4.49307184E-03    2           6        -1   # GAM(H+ -> t       db     )
     7.65915204E-07    2          24        25   # GAM(H+ -> W+      h      )
#
#         PDG            Width
DECAY         6     1.33593508E+00   # top decays
#          BR         NDA         ID1       ID2
     1.00000000E+00    2           5        24   # BR(t -> b       W+    )
